[duruthemes.com/demo/html/renax/light/index.html]
[backblue.gif]
[fade.gif]
[index.html]
[duruthemes.com/demo/html/renax/light/img/favicon.png]
[duruthemes.com/demo/html/renax/light/css/plugins.css]
[duruthemes.com/demo/html/renax/light/css/style.css]
[duruthemes.com/demo/html/renax/light/index-2.html]
[duruthemes.com/demo/html/renax/light/img/logo-light.png]
[duruthemes.com/demo/html/renax/light/index2.html]
[duruthemes.com/demo/html/renax/light/index3.html]
[duruthemes.com/demo/html/renax/light/index4.html]
[duruthemes.com/demo/html/renax/light/onepage-slider.html]
[duruthemes.com/demo/html/renax/light/onepage-image.html]
[duruthemes.com/demo/html/renax/light/onepage-video.html]
[duruthemes.com/demo/html/renax/light/onepage-slideshow.html]
[duruthemes.com/demo/html/renax/light/about.html]
[duruthemes.com/demo/html/renax/light/services.html]
[duruthemes.com/demo/html/renax/light/cars.html]
[duruthemes.com/demo/html/renax/light/cars2.html]
[duruthemes.com/demo/html/renax/light/car-types.html]
[duruthemes.com/demo/html/renax/light/car-types2.html]
[duruthemes.com/demo/html/renax/light/car-details.html]
[duruthemes.com/demo/html/renax/light/car-details2.html]
[duruthemes.com/demo/html/renax/light/team.html]
[duruthemes.com/demo/html/renax/light/gallery-image.html]
[duruthemes.com/demo/html/renax/light/gallery-video.html]
[duruthemes.com/demo/html/renax/light/price.html]
[duruthemes.com/demo/html/renax/light/faq.html]
[duruthemes.com/demo/html/renax/light/testiominals.html]
[duruthemes.com/demo/html/renax/light/team-single.html]
[duruthemes.com/demo/html/renax/light/404.html]
[duruthemes.com/demo/html/renax/light/blog.html]
[duruthemes.com/demo/html/renax/light/blog2.html]
[duruthemes.com/demo/html/renax/light/post.html]
[duruthemes.com/demo/html/renax/light/contact.html]
[duruthemes.com/demo/html/renax/light/img/slider/11.jpg]
[duruthemes.com/demo/html/renax/light/img/slider/12.jpg]
[duruthemes.com/demo/html/renax/light/img/slider/14.jpg]
[duruthemes.com/demo/html/renax/light/img/about.jpg]
[duruthemes.com/demo/html/renax/light/img/slider/2.jpg]
[duruthemes.com/demo/html/renax/light/img/slider/7.jpg]
[duruthemes.com/demo/html/renax/light/img/slider/8.jpg]
[duruthemes.com/demo/html/renax/light/img/slider/9.jpg]
[duruthemes.com/demo/html/renax/light/img/slider/13.jpg]
[duruthemes.com/demo/html/renax/light/img/slider/15.jpg]
[duruthemes.com/demo/html/renax/light/img/cars/03.jpg]
[duruthemes.com/demo/html/renax/light/img/cars/04.jpg]
[duruthemes.com/demo/html/renax/light/img/cars/02.jpg]
[duruthemes.com/demo/html/renax/light/img/cars/01.jpg]
[duruthemes.com/demo/html/renax/light/img/cars/05.jpg]
[duruthemes.com/demo/html/renax/light/img/cars/06.jpg]
[duruthemes.com/demo/html/renax/light/img/slider/1.jpg]
[duruthemes.com/demo/html/renax/light/img/team/1.jpg]
[duruthemes.com/demo/html/renax/light/img/team/4.jpg]
[duruthemes.com/demo/html/renax/light/img/team/6.jpg]
[duruthemes.com/demo/html/renax/light/img/blog/03.jpg]
[duruthemes.com/demo/html/renax/light/img/blog/04.jpg]
[duruthemes.com/demo/html/renax/light/img/blog/05.jpg]
[duruthemes.com/demo/html/renax/light/img/blog/06.jpg]
[duruthemes.com/demo/html/renax/light/img/blog/01.jpg]
[duruthemes.com/demo/html/renax/light/img/blog/02.jpg]
[duruthemes.com/demo/html/renax/light/img/slider/3.jpg]
[duruthemes.com/demo/html/renax/light/img/clients/1.png]
[duruthemes.com/demo/html/renax/light/img/clients/2.png]
[duruthemes.com/demo/html/renax/light/img/clients/3.png]
[duruthemes.com/demo/html/renax/light/img/clients/4.png]
[duruthemes.com/demo/html/renax/light/img/clients/5.png]
[duruthemes.com/demo/html/renax/light/img/clients/6.png]
[duruthemes.com/demo/html/renax/light/img/clients/7.png]
[duruthemes.com/demo/html/renax/light/img/clients/8.png]
[duruthemes.com/demo/html/renax/light/js/jquery-3.7.1.min.js]
[duruthemes.com/demo/html/renax/light/js/jquery-migrate-3.4.1.min.js]
[duruthemes.com/demo/html/renax/light/js/modernizr-2.6.2.min.js]
[duruthemes.com/demo/html/renax/light/js/imagesloaded.pkgd.min.js]
[duruthemes.com/demo/html/renax/light/js/jquery.isotope.v3.0.2.js]
[duruthemes.com/demo/html/renax/light/js/popper.min.js]
[duruthemes.com/demo/html/renax/light/js/bootstrap.min.js]
[duruthemes.com/demo/html/renax/light/js/scrollIt.min.js]
[duruthemes.com/demo/html/renax/light/js/jquery.waypoints.min.js]
[duruthemes.com/demo/html/renax/light/js/owl.carousel.min.js]
[duruthemes.com/demo/html/renax/light/js/jquery.stellar.min.js]
[duruthemes.com/demo/html/renax/light/js/jquery.magnific-popup.js]
[duruthemes.com/demo/html/renax/light/js/select2.js]
[duruthemes.com/demo/html/renax/light/js/datepicker.js]
[duruthemes.com/demo/html/renax/light/js/YouTubePopUp.js]
[duruthemes.com/demo/html/renax/light/index.html]
[duruthemes.com/demo/html/renax/light/js/custom.js]
[duruthemes.com/demo/html/renax/light/css/plugins/bootstrap.min.css]
[duruthemes.com/demo/html/renax/light/css/plugins/owl.carousel.min.css]
[duruthemes.com/demo/html/renax/light/css/plugins/owl.theme.default.min.css]
[duruthemes.com/demo/html/renax/light/css/plugins/animate.min.css]
[duruthemes.com/demo/html/renax/light/css/plugins/omFont.css]
[duruthemes.com/demo/html/renax/light/css/plugins/flaticon.css]
[duruthemes.com/demo/html/renax/light/css/plugins/themify-icons.css]
[duruthemes.com/demo/html/renax/light/css/plugins/magnific-popup.css]
[duruthemes.com/demo/html/renax/light/css/plugins/font-awesome-pro.css]
[duruthemes.com/demo/html/renax/light/css/plugins/YouTubePopUp.css]
[duruthemes.com/demo/html/renax/light/css/plugins/select2.css]
[duruthemes.com/demo/html/renax/light/css/plugins/datepicker.css]
[duruthemes.com/demo/html/renax/light/css/plugins/vegas.slider.min.css]
[duruthemes.com/demo/html/renax/light/css/plugins.css]
[duruthemes.com/demo/html/renax/light/css/style.css]
[duruthemes.com/demo/html/renax/light/index-2.html]
[duruthemes.com/demo/html/renax/light/index2.html]
[duruthemes.com/demo/html/renax/light/index3.html]
[duruthemes.com/demo/html/renax/light/index4.html]
[duruthemes.com/demo/html/renax/light/js/vegas.slider.min.js]
[duruthemes.com/demo/html/renax/light/img/app.png]
[duruthemes.com/demo/html/renax/light/onepage-slider.html]
[duruthemes.com/demo/html/renax/light/onepage-image.html]
[duruthemes.com/demo/html/renax/light/onepage-video.html]
[duruthemes.com/demo/html/renax/light/onepage-slideshow.html]
[duruthemes.com/demo/html/renax/light/img/team/5.jpg]
[duruthemes.com/demo/html/renax/light/img/team/2.jpg]
[duruthemes.com/demo/html/renax/light/img/team/3.jpg]
[duruthemes.com/demo/html/renax/light/about.html]
[duruthemes.com/demo/html/renax/light/services.html]
[duruthemes.com/demo/html/renax/light/cars.html]
[duruthemes.com/demo/html/renax/light/cars2.html]
[duruthemes.com/demo/html/renax/light/img/slider/23.jpg]
[duruthemes.com/demo/html/renax/light/car-types.html]
[duruthemes.com/demo/html/renax/light/car-types2.html]
[duruthemes.com/demo/html/renax/light/img/slider/11b.jpg]
[duruthemes.com/demo/html/renax/light/img/slider/11a.jpg]
[duruthemes.com/demo/html/renax/light/car-details.html]
[duruthemes.com/demo/html/renax/light/img/cars/c2.jpg]
[duruthemes.com/demo/html/renax/light/img/cars/c3.jpg]
[duruthemes.com/demo/html/renax/light/img/cars/c4.jpg]
[duruthemes.com/demo/html/renax/light/img/cars/c5.jpg]
[duruthemes.com/demo/html/renax/light/img/cars/c7.jpg]
[duruthemes.com/demo/html/renax/light/img/cars/c8.jpg]
[duruthemes.com/demo/html/renax/light/img/cars/c9.jpg]
[duruthemes.com/demo/html/renax/light/car-details2.html]
[duruthemes.com/demo/html/renax/light/team.html]
[duruthemes.com/demo/html/renax/light/img/gallery/1.jpg]
[duruthemes.com/demo/html/renax/light/img/gallery/2.jpg]
[duruthemes.com/demo/html/renax/light/img/gallery/3.jpg]
[duruthemes.com/demo/html/renax/light/img/gallery/4.jpg]
[duruthemes.com/demo/html/renax/light/img/gallery/5.jpg]
[duruthemes.com/demo/html/renax/light/img/gallery/6.jpg]
[duruthemes.com/demo/html/renax/light/img/gallery/7.jpg]
[duruthemes.com/demo/html/renax/light/img/gallery/8.jpg]
[duruthemes.com/demo/html/renax/light/img/gallery/9.jpg]
[duruthemes.com/demo/html/renax/light/gallery-image.html]
[duruthemes.com/demo/html/renax/light/gallery-video.html]
[duruthemes.com/demo/html/renax/light/price.html]
[duruthemes.com/demo/html/renax/light/img/about2.png]
[duruthemes.com/demo/html/renax/light/faq.html]
[duruthemes.com/demo/html/renax/light/testiominals.html]
[duruthemes.com/demo/html/renax/light/img/slider/21.jpg]
[duruthemes.com/demo/html/renax/light/team-single.html]
[duruthemes.com/demo/html/renax/light/404.html]
[duruthemes.com/demo/html/renax/light/blog.html]
[duruthemes.com/demo/html/renax/light/img/slider/5.jpg]
[duruthemes.com/demo/html/renax/light/img/slider/4.jpg]
[duruthemes.com/demo/html/renax/light/img/slider/19.jpg]
[duruthemes.com/demo/html/renax/light/blog2.html]
[duruthemes.com/demo/html/renax/light/post.html]
[duruthemes.com/demo/html/renax/light/contact.html]
[duruthemes.com/demo/html/renax/light/blog1.html]
[duruthemes.com/demo/html/renax/light/css/plugins/bootstrap.min.css]
[duruthemes.com/demo/html/renax/light/css/plugins/owl.carousel.min.css]
[duruthemes.com/demo/html/renax/light/css/plugins/owl.theme.default.min.css]
[duruthemes.com/demo/html/renax/light/css/plugins/animate.min.css]
[duruthemes.com/demo/html/renax/light/fonts/omFont.eot]
[duruthemes.com/demo/html/renax/light/fonts/omFontd41d.eot]
[duruthemes.com/demo/html/renax/light/fonts/omFont.woff]
[duruthemes.com/demo/html/renax/light/fonts/omFont.ttf]
[duruthemes.com/demo/html/renax/light/css/plugins/omFont.css]
[duruthemes.com/demo/html/renax/light/fonts/omFont.svg]
[duruthemes.com/demo/html/renax/light/fonts/Flaticon.eot]
[duruthemes.com/demo/html/renax/light/fonts/Flaticond41d.eot]
[duruthemes.com/demo/html/renax/light/fonts/Flaticon.woff2]
[duruthemes.com/demo/html/renax/light/fonts/Flaticon.woff]
[duruthemes.com/demo/html/renax/light/fonts/Flaticon.ttf]
[duruthemes.com/demo/html/renax/light/css/plugins/flaticon.css]
[duruthemes.com/demo/html/renax/light/fonts/Flaticon.svg]
[duruthemes.com/demo/html/renax/light/fonts/themify.eot]
[duruthemes.com/demo/html/renax/light/fonts/themifyd41d.eot]
[duruthemes.com/demo/html/renax/light/fonts/themify.woff]
[duruthemes.com/demo/html/renax/light/fonts/themify.ttf]
[duruthemes.com/demo/html/renax/light/css/plugins/themify-icons.css]
[duruthemes.com/demo/html/renax/light/fonts/themify.svg]
[duruthemes.com/demo/html/renax/light/fonts/fa-brands-400.woff2]
[duruthemes.com/demo/html/renax/light/fonts/fa-light-300.woff2]
[duruthemes.com/demo/html/renax/light/fonts/fa-regular-400.woff2]
[duruthemes.com/demo/html/renax/light/fonts/fa-solid-900.woff2]
[duruthemes.com/demo/html/renax/light/css/plugins/font-awesome-pro.css]
[duruthemes.com/demo/html/renax/light/css/plugins/magnific-popup.css]
[duruthemes.com/demo/html/renax/light/css/plugins/close.png]
[duruthemes.com/demo/html/renax/light/css/plugins/YouTubePopUp.css]
[duruthemes.com/demo/html/renax/light/css/plugins/select2.css]
[duruthemes.com/demo/html/renax/light/css/plugins/datepicker.css]
[duruthemes.com/demo/html/renax/light/css/plugins/vegas.slider.min.css]
[duruthemes.com/demo/html/renax/light/css/plugins/owl.video.play.html]
[duruthemes.com/demo/html/renax/light/fonts/omFont.svg]
[duruthemes.com/demo/html/renax/light/fonts/Flaticon.svg]
[duruthemes.com/demo/html/renax/light/fonts/themify.svg]
[duruthemes.com/demo/html/renax/light/fonts/fa-brands-400.html]
[duruthemes.com/demo/html/renax/light/fonts/fa-duotone-900.html]
[duruthemes.com/demo/html/renax/light/fonts/fa-duotone-901.html]
[duruthemes.com/demo/html/renax/light/fonts/fa-light-300.html]
[duruthemes.com/demo/html/renax/light/fonts/fa-regular-400.html]
[duruthemes.com/demo/html/renax/light/fonts/fa-solid-900.html]
[duruthemes.com/demo/html/renax/light/fonts/fa-thin-100.html]
[duruthemes.com/demo/html/renax/light/fonts/fa-thin-101.html]
[duruthemes.com/demo/html/renax/light/fonts/fa-v4compatibility.html]
[duruthemes.com/demo/html/renax/light/fonts/fa-v4compatibility-2.html]
